<?xml version="1.0" encoding="UTF-8"?>
<!-- Generated by org.testng.reporters.JUnitXMLReporter -->
<testsuite ignored="0" hostname="Namita-Pc" failures="0" tests="5" name="Test" time="44.072" errors="0" timestamp="2022-03-27T22:45:08 IST">
  <testcase classname="tests.FourTest" name="fourtest" time="0.032"/>
  <testcase classname="tests.TwoTest" name="twotest" time="0.004"/>
  <testcase classname="tests.ThreeTest" name="threetest" time="0.011"/>
  <testcase classname="tests.LoginTest" name="login" time="2.377"/>
  <testcase classname="tests.LoginTest" name="login" time="12.628"/>
</testsuite> <!-- Test -->
